<?xml version="1.0" encoding="UTF-8"?>
<testng-results ignored="0" total="1" passed="1" failed="0" skipped="0">
  <reporter-output>
  </reporter-output>
  <suite started-at="2021-03-30T17:10:39 IST" name="Suite" finished-at="2021-03-30T17:11:14 IST" duration-ms="35468">
    <groups>
      <group name="cucumber">
        <method signature="AbstractTestNGCucumberTests.feature(cucumber.api.testng.CucumberFeatureWrapper)[pri:0, instance:cucumberOptions.TestRunner@6a370f4]" name="feature" class="cucumber.api.testng.AbstractTestNGCucumberTests"/>
      </group> <!-- cucumber -->
    </groups>
    <test started-at="2021-03-30T17:10:39 IST" name="Test" finished-at="2021-03-30T17:11:14 IST" duration-ms="35468">
      <class name="cucumberOptions.TestRunner">
        <test-method is-config="true" signature="setUpClass()[pri:0, instance:cucumberOptions.TestRunner@6a370f4]" started-at="2021-03-30T17:10:39 IST" name="setUpClass" finished-at="2021-03-30T17:10:40 IST" duration-ms="515" status="PASS">
          <reporter-output>
          </reporter-output>
        </test-method> <!-- setUpClass -->
        <test-method signature="feature(cucumber.api.testng.CucumberFeatureWrapper)[pri:0, instance:cucumberOptions.TestRunner@6a370f4]" started-at="2021-03-30T17:10:40 IST" name="feature" description="Runs Cucumber Feature" data-provider="features" finished-at="2021-03-30T17:11:14 IST" duration-ms="34748" status="PASS">
          <params>
            <param index="0">
              <value>
                <![CDATA[Login Testcase]]>
              </value>
            </param>
          </params>
          <reporter-output>
          </reporter-output>
        </test-method> <!-- feature -->
        <test-method is-config="true" signature="tearDownClass()[pri:0, instance:cucumberOptions.TestRunner@6a370f4]" started-at="2021-03-30T17:11:14 IST" name="tearDownClass" finished-at="2021-03-30T17:11:14 IST" duration-ms="6" status="PASS">
          <reporter-output>
          </reporter-output>
        </test-method> <!-- tearDownClass -->
      </class> <!-- cucumberOptions.TestRunner -->
    </test> <!-- Test -->
  </suite> <!-- Suite -->
</testng-results>
